Microsoft (R) Macro Assembler Version 14.29.30148.0	    03/18/23 23:40:43
example.asm						     Page 1 - 1


				; Assignment-07 Question01
				; Author:  Samuel George
				; Date:    3/16/23

				.586
				.MODEL FLAT

				INCLUDE io.h            ; header file for input/output
			      C ; IO.H -- header file for I/O macros (listing suppressed)
			      C .NOLIST      ; turn off listing
			      C .LIST        ; begin listing
			      C 

				.STACK 4096

 00000000			.DATA
 00000000 00000000		number1 DWORD   ?
 00000004 45 6E 74 65 72	prompt1 BYTE    "Enter a value to multiply by 2", 0
	   20 61 20 76 61
	   6C 75 65 20 74
	   6F 20 6D 75 6C
	   74 69 70 6C 79
	   20 62 79 20 32
	   00
 00000023  00000028 [		string  BYTE    40 DUP (?)
	    00
	   ]
 0000004B 54 68 65 20 70	resultLbl BYTE  "The product is", 0
	   72 6F 64 75 63
	   74 20 69 73 00
 0000005A  0000000B [		sum     BYTE    11 DUP (?), 0
	    00
	   ] 00

 00000000			.CODE
 00000000			_MainProc PROC
				        input   prompt1, string, 40     ; read ASCII characters
				        atod    string                  ; convert to integer
 0000002D  A3 00000000 R	        mov     number1, eax            ; store in memory

 00000032  FF 35 00000000 R	        push    number1
 00000038  E8 0000003C		        call    multTwo_proc            ; calling the procedure which multiplies by two
 0000003D  83 C4 04		        add     esp, 4                  ; using the number 4 since 4 is the incremement 

 00000040  8B D8		        mov     ebx, eax
				        dtoa    sum, eax

				        ;output for answer

				        output  resultLbl, sum


 00000073  B8 00000000		        mov     eax, 0                  ; exit with return code 0
 00000078  C3			        ret
 00000079			_MainProc ENDP


 00000079			multTwo_proc PROC                       ; start of procedure to multiply the value by 2

 00000079  55			        push    ebp                     ; save ebp
 0000007A  8B EC		        mov     ebp, esp                ; setting the frame
 0000007C  8B 45 08		        mov     eax, [ebp + 8]
 0000007F  03 C0		        add     eax, eax                ; multiplies by 2
 00000081  5D			        pop     ebp                     ; brings back the value

 00000082  C3			        ret                             ; returns the value of eax
 00000083			multTwo_proc ENDP

				END                             ; end of source code

Microsoft (R) Macro Assembler Version 14.29.30148.0	    03/18/23 23:40:43
example.asm						     Symbols 2 - 1




Macros:

                N a m e                 Type

atod . . . . . . . . . . . . . .	Proc
atow . . . . . . . . . . . . . .	Proc
dtoa . . . . . . . . . . . . . .	Proc
input  . . . . . . . . . . . . .	Proc
output . . . . . . . . . . . . .	Proc
wtoa . . . . . . . . . . . . . .	Proc


Segments and Groups:

                N a m e                 Size     Length   Align   Combine Class

FLAT . . . . . . . . . . . . . .	GROUP
STACK  . . . . . . . . . . . . .	32 Bit	 00001000 Para	  Stack	  'STACK'	 
_DATA  . . . . . . . . . . . . .	32 Bit	 00000066 Para	  Public  'DATA'	
_TEXT  . . . . . . . . . . . . .	32 Bit	 00000083 Para	  Public  'CODE'	


Procedures, parameters, and locals:

                N a m e                 Type     Value    Attr

_MainProc  . . . . . . . . . . .	P Near	 00000000 _TEXT	Length= 00000079 Public
multTwo_proc . . . . . . . . . .	P Near	 00000079 _TEXT	Length= 0000000A Public


Symbols:

                N a m e                 Type     Value    Attr

@CodeSize  . . . . . . . . . . .	Number	 00000000h   
@DataSize  . . . . . . . . . . .	Number	 00000000h   
@Interface . . . . . . . . . . .	Number	 00000000h   
@Model . . . . . . . . . . . . .	Number	 00000007h   
@code  . . . . . . . . . . . . .	Text   	 _TEXT
@data  . . . . . . . . . . . . .	Text   	 FLAT
@fardata?  . . . . . . . . . . .	Text   	 FLAT
@fardata . . . . . . . . . . . .	Text   	 FLAT
@stack . . . . . . . . . . . . .	Text   	 FLAT
_getInput  . . . . . . . . . . .	L Near	 00000000 FLAT	External
_showOutput  . . . . . . . . . .	L Near	 00000000 FLAT	External
atodproc . . . . . . . . . . . .	L Near	 00000000 FLAT	External
atowproc . . . . . . . . . . . .	L Near	 00000000 FLAT	External
dtoaproc . . . . . . . . . . . .	L Near	 00000000 FLAT	External
number1  . . . . . . . . . . . .	DWord	 00000000 _DATA	
prompt1  . . . . . . . . . . . .	Byte	 00000004 _DATA	
resultLbl  . . . . . . . . . . .	Byte	 0000004B _DATA	
string . . . . . . . . . . . . .	Byte	 00000023 _DATA	
sum  . . . . . . . . . . . . . .	Byte	 0000005A _DATA	
wtoaproc . . . . . . . . . . . .	L Near	 00000000 FLAT	External

	   0 Warnings
	   0 Errors
